/home/scur0674/.conda/envs/ribfrac/lib/python3.11/site-packages/torchvision/io/image.py:13: UserWarning: Failed to load image Python extension: '/gpfs/home4/scur0674/.conda/envs/ribfrac/lib/python3.11/site-packages/torchvision/image.so: undefined symbol: _ZN5torch3jit17parseSchemaOrNameERKNSt7__cxx1112basic_stringIcSt11char_traitsIcESaIcEEE'If you don't plan on using image functionality from `torchvision.io`, you can ignore this warning. Otherwise, there might be something wrong with your environment. Did you have `libjpeg` or `libpng` installed before building `torchvision` from source?
  warn(
[rank: 0] Global seed set to 42
Creating local prediction masks:   0%|          | 0/3 [00:00<?, ?it/s]Creating local prediction masks:  33%|███▎      | 1/3 [00:00<00:01,  1.02it/s]Creating local prediction masks:  67%|██████▋   | 2/3 [00:01<00:00,  1.02it/s]Creating local prediction masks: 100%|██████████| 3/3 [00:03<00:00,  1.03s/it]Creating local prediction masks: 100%|██████████| 3/3 [00:03<00:00,  1.02s/it]
GPU available: True (cuda), used: True
TPU available: False, using: 0 TPU cores
IPU available: False, using: 0 IPUs
HPU available: False, using: 0 HPUs
You are using a CUDA device ('NVIDIA A100-SXM4-40GB') that has Tensor Cores. To properly utilize them, you should set `torch.set_float32_matmul_precision('medium' | 'high')` which will trade-off precision for performance. For more details, read https://pytorch.org/docs/stable/generated/torch.set_float32_matmul_precision.html#torch.set_float32_matmul_precision
LOCAL_RANK: 0 - CUDA_VISIBLE_DEVICES: [0]

  | Name    | Type      | Params
--------------------------------------
0 | network | Unet3Plus | 27.0 M
--------------------------------------
27.0 M    Trainable params
0         Non-trainable params
27.0 M    Total params
108.030   Total estimated model params size (MB)
SLURM auto-requeueing enabled. Setting signal handlers.
Traceback (most recent call last):
  File "/gpfs/home4/scur0674/aiformi/rib-fracture/train2.py", line 168, in <module>
    trainer.fit(model, train_loader, val_loader)
  File "/home/scur0674/.conda/envs/ribfrac/lib/python3.11/site-packages/pytorch_lightning/trainer/trainer.py", line 531, in fit
    call._call_and_handle_interrupt(
  File "/home/scur0674/.conda/envs/ribfrac/lib/python3.11/site-packages/pytorch_lightning/trainer/call.py", line 42, in _call_and_handle_interrupt
    return trainer_fn(*args, **kwargs)
           ^^^^^^^^^^^^^^^^^^^^^^^^^^^
  File "/home/scur0674/.conda/envs/ribfrac/lib/python3.11/site-packages/pytorch_lightning/trainer/trainer.py", line 570, in _fit_impl
    self._run(model, ckpt_path=ckpt_path)
  File "/home/scur0674/.conda/envs/ribfrac/lib/python3.11/site-packages/pytorch_lightning/trainer/trainer.py", line 975, in _run
    results = self._run_stage()
              ^^^^^^^^^^^^^^^^^
  File "/home/scur0674/.conda/envs/ribfrac/lib/python3.11/site-packages/pytorch_lightning/trainer/trainer.py", line 1016, in _run_stage
    self._run_sanity_check()
  File "/home/scur0674/.conda/envs/ribfrac/lib/python3.11/site-packages/pytorch_lightning/trainer/trainer.py", line 1045, in _run_sanity_check
    val_loop.run()
  File "/home/scur0674/.conda/envs/ribfrac/lib/python3.11/site-packages/pytorch_lightning/loops/utilities.py", line 177, in _decorator
    return loop_run(self, *args, **kwargs)
           ^^^^^^^^^^^^^^^^^^^^^^^^^^^^^^^
  File "/home/scur0674/.conda/envs/ribfrac/lib/python3.11/site-packages/pytorch_lightning/loops/evaluation_loop.py", line 115, in run
    self._evaluation_step(batch, batch_idx, dataloader_idx)
  File "/home/scur0674/.conda/envs/ribfrac/lib/python3.11/site-packages/pytorch_lightning/loops/evaluation_loop.py", line 375, in _evaluation_step
    output = call._call_strategy_hook(trainer, hook_name, *step_kwargs.values())
             ^^^^^^^^^^^^^^^^^^^^^^^^^^^^^^^^^^^^^^^^^^^^^^^^^^^^^^^^^^^^^^^^^^^
  File "/home/scur0674/.conda/envs/ribfrac/lib/python3.11/site-packages/pytorch_lightning/trainer/call.py", line 287, in _call_strategy_hook
    output = fn(*args, **kwargs)
             ^^^^^^^^^^^^^^^^^^^
  File "/home/scur0674/.conda/envs/ribfrac/lib/python3.11/site-packages/pytorch_lightning/strategies/strategy.py", line 379, in validation_step
    return self.model.validation_step(*args, **kwargs)
           ^^^^^^^^^^^^^^^^^^^^^^^^^^^^^^^^^^^^^^^^^^^
  File "/gpfs/home4/scur0674/aiformi/rib-fracture/unet3plus/model_unet3plus.py", line 120, in validation_step
    self.update_pred_masks(batch, "val")
  File "/gpfs/home4/scur0674/aiformi/rib-fracture/unet3plus/model_unet3plus.py", line 54, in update_pred_masks
    output = resize(self(patch.unsqueeze(0))).squeeze().detach().cpu().numpy()
                    ^^^^^^^^^^^^^^^^^^^^^^^^
  File "/home/scur0674/.conda/envs/ribfrac/lib/python3.11/site-packages/torch/nn/modules/module.py", line 1501, in _call_impl
    return forward_call(*args, **kwargs)
           ^^^^^^^^^^^^^^^^^^^^^^^^^^^^^
  File "/gpfs/home4/scur0674/aiformi/rib-fracture/unet3plus/model_unet3plus.py", line 26, in forward
    return self.network(x)
           ^^^^^^^^^^^^^^^
  File "/home/scur0674/.conda/envs/ribfrac/lib/python3.11/site-packages/torch/nn/modules/module.py", line 1501, in _call_impl
    return forward_call(*args, **kwargs)
           ^^^^^^^^^^^^^^^^^^^^^^^^^^^^^
  File "/gpfs/home4/scur0674/aiformi/rib-fracture/unet3plus/model_unet3plus.py", line 349, in forward
    h1 = self.conv1(inputs)  # h1->320*320*64
         ^^^^^^^^^^^^^^^^^^
  File "/home/scur0674/.conda/envs/ribfrac/lib/python3.11/site-packages/torch/nn/modules/module.py", line 1501, in _call_impl
    return forward_call(*args, **kwargs)
           ^^^^^^^^^^^^^^^^^^^^^^^^^^^^^
  File "/gpfs/home4/scur0674/aiformi/rib-fracture/unet3plus/model_unet3plus.py", line 173, in forward
    x = conv(x)
        ^^^^^^^
  File "/home/scur0674/.conda/envs/ribfrac/lib/python3.11/site-packages/torch/nn/modules/module.py", line 1501, in _call_impl
    return forward_call(*args, **kwargs)
           ^^^^^^^^^^^^^^^^^^^^^^^^^^^^^
  File "/home/scur0674/.conda/envs/ribfrac/lib/python3.11/site-packages/torch/nn/modules/container.py", line 217, in forward
    input = module(input)
            ^^^^^^^^^^^^^
  File "/home/scur0674/.conda/envs/ribfrac/lib/python3.11/site-packages/torch/nn/modules/module.py", line 1501, in _call_impl
    return forward_call(*args, **kwargs)
           ^^^^^^^^^^^^^^^^^^^^^^^^^^^^^
  File "/home/scur0674/.conda/envs/ribfrac/lib/python3.11/site-packages/torch/nn/modules/conv.py", line 463, in forward
    return self._conv_forward(input, self.weight, self.bias)
           ^^^^^^^^^^^^^^^^^^^^^^^^^^^^^^^^^^^^^^^^^^^^^^^^^
  File "/home/scur0674/.conda/envs/ribfrac/lib/python3.11/site-packages/torch/nn/modules/conv.py", line 459, in _conv_forward
    return F.conv2d(input, weight, bias, self.stride,
           ^^^^^^^^^^^^^^^^^^^^^^^^^^^^^^^^^^^^^^^^^^
  File "/home/scur0674/.conda/envs/ribfrac/lib/python3.11/site-packages/torch/utils/data/_utils/signal_handling.py", line 66, in handler
    _error_if_any_worker_fails()
RuntimeError: DataLoader worker (pid 1563459) is killed by signal: Killed. 
Sanity Checking: 0it [00:00, ?it/s]Sanity Checking:   0%|          | 0/2 [00:00<?, ?it/s]Sanity Checking DataLoader 0:   0%|          | 0/2 [00:00<?, ?it/s]slurmstepd: error: Detected 2 oom_kill events in StepId=3994300.0. Some of the step tasks have been OOM Killed.
srun: error: gcn34: task 0: Out Of Memory
srun: Terminating StepId=3994300.0

JOB STATISTICS
==============
Job ID: 3994300
Cluster: snellius
User/Group: scur0674/scur0674
State: FAILED (exit code 1)
Nodes: 1
Cores per node: 18
CPU Utilized: 01:11:04
CPU Efficiency: 82.25% of 01:26:24 core-walltime
Job Wall-clock time: 00:04:48
Memory Utilized: 20.88 GB
Memory Efficiency: 66.83% of 31.25 GB
